Determining if the pthread_create exist failed with the following output:
Change Dir: /home/ucar/ROS_xunfei/ucar_ws/build/CMakeFiles/CMakeTmp

Run Build Command:"/usr/bin/make" "cmTC_38d4e/fast"
/usr/bin/make -f CMakeFiles/cmTC_38d4e.dir/build.make CMakeFiles/cmTC_38d4e.dir/build
make[1]: Entering directory '/home/ucar/ROS_xunfei/ucar_ws/build/CMakeFiles/CMakeTmp'
Building C object CMakeFiles/cmTC_38d4e.dir/CheckSymbolExists.c.o
/usr/bin/cc    -o CMakeFiles/cmTC_38d4e.dir/CheckSymbolExists.c.o   -c /home/ucar/ROS_xunfei/ucar_ws/build/CMakeFiles/CMakeTmp/CheckSymbolExists.c
Linking C executable cmTC_38d4e
/usr/bin/cmake -E cmake_link_script CMakeFiles/cmTC_38d4e.dir/link.txt --verbose=1
/usr/bin/cc      -rdynamic CMakeFiles/cmTC_38d4e.dir/CheckSymbolExists.c.o  -o cmTC_38d4e 
CMakeFiles/cmTC_38d4e.dir/CheckSymbolExists.c.o: In function `main':
CheckSymbolExists.c:(.text+0x14): undefined reference to `pthread_create'
CheckSymbolExists.c:(.text+0x18): undefined reference to `pthread_create'
collect2: error: ld returned 1 exit status
CMakeFiles/cmTC_38d4e.dir/build.make:97: recipe for target 'cmTC_38d4e' failed
make[1]: *** [cmTC_38d4e] Error 1
make[1]: Leaving directory '/home/ucar/ROS_xunfei/ucar_ws/build/CMakeFiles/CMakeTmp'
Makefile:126: recipe for target 'cmTC_38d4e/fast' failed
make: *** [cmTC_38d4e/fast] Error 2

File /home/ucar/ROS_xunfei/ucar_ws/build/CMakeFiles/CMakeTmp/CheckSymbolExists.c:
/* */
#include <pthread.h>

int main(int argc, char** argv)
{
  (void)argv;
#ifndef pthread_create
  return ((int*)(&pthread_create))[argc];
#else
  (void)argc;
  return 0;
#endif
}

Determining if the function pthread_create exists in the pthreads failed with the following output:
Change Dir: /home/ucar/ROS_xunfei/ucar_ws/build/CMakeFiles/CMakeTmp

Run Build Command:"/usr/bin/make" "cmTC_bc12f/fast"
/usr/bin/make -f CMakeFiles/cmTC_bc12f.dir/build.make CMakeFiles/cmTC_bc12f.dir/build
make[1]: Entering directory '/home/ucar/ROS_xunfei/ucar_ws/build/CMakeFiles/CMakeTmp'
Building C object CMakeFiles/cmTC_bc12f.dir/CheckFunctionExists.c.o
/usr/bin/cc   -DCHECK_FUNCTION_EXISTS=pthread_create   -o CMakeFiles/cmTC_bc12f.dir/CheckFunctionExists.c.o   -c /usr/share/cmake-3.10/Modules/CheckFunctionExists.c
Linking C executable cmTC_bc12f
/usr/bin/cmake -E cmake_link_script CMakeFiles/cmTC_bc12f.dir/link.txt --verbose=1
/usr/bin/cc  -DCHECK_FUNCTION_EXISTS=pthread_create    -rdynamic CMakeFiles/cmTC_bc12f.dir/CheckFunctionExists.c.o  -o cmTC_bc12f -lpthreads 
/usr/bin/ld: cannot find -lpthreads
collect2: error: ld returned 1 exit status
CMakeFiles/cmTC_bc12f.dir/build.make:97: recipe for target 'cmTC_bc12f' failed
make[1]: *** [cmTC_bc12f] Error 1
make[1]: Leaving directory '/home/ucar/ROS_xunfei/ucar_ws/build/CMakeFiles/CMakeTmp'
Makefile:126: recipe for target 'cmTC_bc12f/fast' failed
make: *** [cmTC_bc12f/fast] Error 2


